Copyright 1986-2022 Xilinx, Inc. All Rights Reserved.
------------------------------------------------------------------------------------------------------------------------------------------
| Tool Version : Vivado v.2022.2 (win64) Build 3671981 Fri Oct 14 05:00:03 MDT 2022
| Date         : Sun Jun 28 21:00:51 2026
| Host         : LOHIT running 64-bit major release  (build 9200)
| Command      : report_drc -file top_shde_wrapper_drc_routed.rpt -pb top_shde_wrapper_drc_routed.pb -rpx top_shde_wrapper_drc_routed.rpx
| Design       : top_shde_wrapper
| Device       : xc7z010clg225-3
| Speed File   : -3
| Design State : Fully Routed
------------------------------------------------------------------------------------------------------------------------------------------

Report DRC

Table of Contents
-----------------
1. REPORT SUMMARY
2. REPORT DETAILS

1. REPORT SUMMARY
-----------------
            Netlist: netlist
          Floorplan: design_1
      Design limits: <entire design considered>
           Ruledeck: default
             Max violations: <unlimited>
             Violations found: 22
+-----------+----------+----------------------------+------------+
| Rule      | Severity | Description                | Violations |
+-----------+----------+----------------------------+------------+
| CHECK-3   | Warning  | Report rule limit reached  | 1          |
| REQP-1839 | Warning  | RAMB36 async control check | 20         |
| ZPS7-1    | Warning  | PS7 block required         | 1          |
+-----------+----------+----------------------------+------------+

2. REPORT DETAILS
-----------------
CHECK-3#1 Warning
Report rule limit reached  
REQP-1839 rule limit reached: 20 violations have been found.
Related violations: <none>

REQP-1839#1 Warning
RAMB36 async control check  
The RAMB36E1 core_inst/chunk_ch0_reg_0 has an input control pin core_inst/chunk_ch0_reg_0/ADDRARDADDR[5] (net: core_inst/hdc_core_inst_n_259) which is driven by a register (core_inst/hdc_core_inst/rom_addr_out_reg[0]_inv_rep_rep__20) that has an active asychronous set or reset. This may cause corruption of the memory contents and/or read values when the set/reset is asserted and is not analyzed by the default static timing analysis. It is suggested to eliminate the use of a set/reset to registers driving this RAMB pin or else use a synchronous reset in which the assertion of the reset is timed by default.
Related violations: <none>

REQP-1839#2 Warning
RAMB36 async control check  
The RAMB36E1 core_inst/chunk_ch0_reg_0 has an input control pin core_inst/chunk_ch0_reg_0/ADDRARDADDR[6] (net: core_inst/hdc_core_inst_n_258) which is driven by a register (core_inst/hdc_core_inst/rom_addr_out_reg[1]_inv_rep_rep__20) that has an active asychronous set or reset. This may cause corruption of the memory contents and/or read values when the set/reset is asserted and is not analyzed by the default static timing analysis. It is suggested to eliminate the use of a set/reset to registers driving this RAMB pin or else use a synchronous reset in which the assertion of the reset is timed by default.
Related violations: <none>

REQP-1839#3 Warning
RAMB36 async control check  
The RAMB36E1 core_inst/chunk_ch0_reg_0 has an input control pin core_inst/chunk_ch0_reg_0/ADDRARDADDR[7] (net: core_inst/hdc_core_inst_n_257) which is driven by a register (core_inst/hdc_core_inst/rom_addr_out_reg[2]_inv_rep_rep__20) that has an active asychronous set or reset. This may cause corruption of the memory contents and/or read values when the set/reset is asserted and is not analyzed by the default static timing analysis. It is suggested to eliminate the use of a set/reset to registers driving this RAMB pin or else use a synchronous reset in which the assertion of the reset is timed by default.
Related violations: <none>

REQP-1839#4 Warning
RAMB36 async control check  
The RAMB36E1 core_inst/chunk_ch0_reg_0 has an input control pin core_inst/chunk_ch0_reg_0/ADDRARDADDR[8] (net: core_inst/hdc_core_inst_n_256) which is driven by a register (core_inst/hdc_core_inst/rom_addr_out_reg[3]_inv_rep_rep__20) that has an active asychronous set or reset. This may cause corruption of the memory contents and/or read values when the set/reset is asserted and is not analyzed by the default static timing analysis. It is suggested to eliminate the use of a set/reset to registers driving this RAMB pin or else use a synchronous reset in which the assertion of the reset is timed by default.
Related violations: <none>

REQP-1839#5 Warning
RAMB36 async control check  
The RAMB36E1 core_inst/chunk_ch0_reg_0 has an input control pin core_inst/chunk_ch0_reg_0/ADDRARDADDR[9] (net: core_inst/hdc_core_inst_n_255) which is driven by a register (core_inst/hdc_core_inst/rom_addr_out_reg[4]_inv_rep_rep__20) that has an active asychronous set or reset. This may cause corruption of the memory contents and/or read values when the set/reset is asserted and is not analyzed by the default static timing analysis. It is suggested to eliminate the use of a set/reset to registers driving this RAMB pin or else use a synchronous reset in which the assertion of the reset is timed by default.
Related violations: <none>

REQP-1839#6 Warning
RAMB36 async control check  
The RAMB36E1 core_inst/chunk_ch0_reg_0 has an input control pin core_inst/chunk_ch0_reg_0/ADDRBWRADDR[5] (net: core_inst/hdc_core_inst_n_259) which is driven by a register (core_inst/hdc_core_inst/rom_addr_out_reg[0]_inv_rep_rep__20) that has an active asychronous set or reset. This may cause corruption of the memory contents and/or read values when the set/reset is asserted and is not analyzed by the default static timing analysis. It is suggested to eliminate the use of a set/reset to registers driving this RAMB pin or else use a synchronous reset in which the assertion of the reset is timed by default.
Related violations: <none>

REQP-1839#7 Warning
RAMB36 async control check  
The RAMB36E1 core_inst/chunk_ch0_reg_0 has an input control pin core_inst/chunk_ch0_reg_0/ADDRBWRADDR[6] (net: core_inst/hdc_core_inst_n_258) which is driven by a register (core_inst/hdc_core_inst/rom_addr_out_reg[1]_inv_rep_rep__20) that has an active asychronous set or reset. This may cause corruption of the memory contents and/or read values when the set/reset is asserted and is not analyzed by the default static timing analysis. It is suggested to eliminate the use of a set/reset to registers driving this RAMB pin or else use a synchronous reset in which the assertion of the reset is timed by default.
Related violations: <none>

REQP-1839#8 Warning
RAMB36 async control check  
The RAMB36E1 core_inst/chunk_ch0_reg_0 has an input control pin core_inst/chunk_ch0_reg_0/ADDRBWRADDR[7] (net: core_inst/hdc_core_inst_n_257) which is driven by a register (core_inst/hdc_core_inst/rom_addr_out_reg[2]_inv_rep_rep__20) that has an active asychronous set or reset. This may cause corruption of the memory contents and/or read values when the set/reset is asserted and is not analyzed by the default static timing analysis. It is suggested to eliminate the use of a set/reset to registers driving this RAMB pin or else use a synchronous reset in which the assertion of the reset is timed by default.
Related violations: <none>

REQP-1839#9 Warning
RAMB36 async control check  
The RAMB36E1 core_inst/chunk_ch0_reg_0 has an input control pin core_inst/chunk_ch0_reg_0/ADDRBWRADDR[8] (net: core_inst/hdc_core_inst_n_256) which is driven by a register (core_inst/hdc_core_inst/rom_addr_out_reg[3]_inv_rep_rep__20) that has an active asychronous set or reset. This may cause corruption of the memory contents and/or read values when the set/reset is asserted and is not analyzed by the default static timing analysis. It is suggested to eliminate the use of a set/reset to registers driving this RAMB pin or else use a synchronous reset in which the assertion of the reset is timed by default.
Related violations: <none>

REQP-1839#10 Warning
RAMB36 async control check  
The RAMB36E1 core_inst/chunk_ch0_reg_0 has an input control pin core_inst/chunk_ch0_reg_0/ADDRBWRADDR[9] (net: core_inst/hdc_core_inst_n_255) which is driven by a register (core_inst/hdc_core_inst/rom_addr_out_reg[4]_inv_rep_rep__20) that has an active asychronous set or reset. This may cause corruption of the memory contents and/or read values when the set/reset is asserted and is not analyzed by the default static timing analysis. It is suggested to eliminate the use of a set/reset to registers driving this RAMB pin or else use a synchronous reset in which the assertion of the reset is timed by default.
Related violations: <none>

REQP-1839#11 Warning
RAMB36 async control check  
The RAMB36E1 core_inst/chunk_ch0_reg_0 has an input control pin core_inst/chunk_ch0_reg_0/ENARDEN (net: core_inst/chunk_ch0_reg_0_ENARDEN_cooolgate_en_sig_8) which is driven by a register (core_inst/hdc_core_inst/FSM_sequential_state_reg[0]_rep) that has an active asychronous set or reset. This may cause corruption of the memory contents and/or read values when the set/reset is asserted and is not analyzed by the default static timing analysis. It is suggested to eliminate the use of a set/reset to registers driving this RAMB pin or else use a synchronous reset in which the assertion of the reset is timed by default.
Related violations: <none>

REQP-1839#12 Warning
RAMB36 async control check  
The RAMB36E1 core_inst/chunk_ch0_reg_0 has an input control pin core_inst/chunk_ch0_reg_0/ENARDEN (net: core_inst/chunk_ch0_reg_0_ENARDEN_cooolgate_en_sig_8) which is driven by a register (core_inst/hdc_core_inst/FSM_sequential_state_reg[1]_rep__16) that has an active asychronous set or reset. This may cause corruption of the memory contents and/or read values when the set/reset is asserted and is not analyzed by the default static timing analysis. It is suggested to eliminate the use of a set/reset to registers driving this RAMB pin or else use a synchronous reset in which the assertion of the reset is timed by default.
Related violations: <none>

REQP-1839#13 Warning
RAMB36 async control check  
The RAMB36E1 core_inst/chunk_ch0_reg_0 has an input control pin core_inst/chunk_ch0_reg_0/ENBWREN (net: core_inst/chunk_ch0_reg_0_ENBWREN_cooolgate_en_sig_9) which is driven by a register (core_inst/hdc_core_inst/FSM_sequential_state_reg[0]_rep) that has an active asychronous set or reset. This may cause corruption of the memory contents and/or read values when the set/reset is asserted and is not analyzed by the default static timing analysis. It is suggested to eliminate the use of a set/reset to registers driving this RAMB pin or else use a synchronous reset in which the assertion of the reset is timed by default.
Related violations: <none>

REQP-1839#14 Warning
RAMB36 async control check  
The RAMB36E1 core_inst/chunk_ch0_reg_0 has an input control pin core_inst/chunk_ch0_reg_0/ENBWREN (net: core_inst/chunk_ch0_reg_0_ENBWREN_cooolgate_en_sig_9) which is driven by a register (core_inst/hdc_core_inst/FSM_sequential_state_reg[1]_rep__16) that has an active asychronous set or reset. This may cause corruption of the memory contents and/or read values when the set/reset is asserted and is not analyzed by the default static timing analysis. It is suggested to eliminate the use of a set/reset to registers driving this RAMB pin or else use a synchronous reset in which the assertion of the reset is timed by default.
Related violations: <none>

REQP-1839#15 Warning
RAMB36 async control check  
The RAMB36E1 core_inst/chunk_ch0_reg_1 has an input control pin core_inst/chunk_ch0_reg_1/ADDRARDADDR[5] (net: core_inst/hdc_core_inst_n_149) which is driven by a register (core_inst/hdc_core_inst/rom_addr_out_reg[0]_inv_rep__0_rep__16) that has an active asychronous set or reset. This may cause corruption of the memory contents and/or read values when the set/reset is asserted and is not analyzed by the default static timing analysis. It is suggested to eliminate the use of a set/reset to registers driving this RAMB pin or else use a synchronous reset in which the assertion of the reset is timed by default.
Related violations: <none>

REQP-1839#16 Warning
RAMB36 async control check  
The RAMB36E1 core_inst/chunk_ch0_reg_1 has an input control pin core_inst/chunk_ch0_reg_1/ADDRARDADDR[6] (net: core_inst/hdc_core_inst_n_148) which is driven by a register (core_inst/hdc_core_inst/rom_addr_out_reg[1]_inv_rep__0_rep__16) that has an active asychronous set or reset. This may cause corruption of the memory contents and/or read values when the set/reset is asserted and is not analyzed by the default static timing analysis. It is suggested to eliminate the use of a set/reset to registers driving this RAMB pin or else use a synchronous reset in which the assertion of the reset is timed by default.
Related violations: <none>

REQP-1839#17 Warning
RAMB36 async control check  
The RAMB36E1 core_inst/chunk_ch0_reg_1 has an input control pin core_inst/chunk_ch0_reg_1/ADDRARDADDR[7] (net: core_inst/hdc_core_inst_n_147) which is driven by a register (core_inst/hdc_core_inst/rom_addr_out_reg[2]_inv_rep__0_rep__16) that has an active asychronous set or reset. This may cause corruption of the memory contents and/or read values when the set/reset is asserted and is not analyzed by the default static timing analysis. It is suggested to eliminate the use of a set/reset to registers driving this RAMB pin or else use a synchronous reset in which the assertion of the reset is timed by default.
Related violations: <none>

REQP-1839#18 Warning
RAMB36 async control check  
The RAMB36E1 core_inst/chunk_ch0_reg_1 has an input control pin core_inst/chunk_ch0_reg_1/ADDRARDADDR[8] (net: core_inst/hdc_core_inst_n_146) which is driven by a register (core_inst/hdc_core_inst/rom_addr_out_reg[3]_inv_rep__0_rep__16) that has an active asychronous set or reset. This may cause corruption of the memory contents and/or read values when the set/reset is asserted and is not analyzed by the default static timing analysis. It is suggested to eliminate the use of a set/reset to registers driving this RAMB pin or else use a synchronous reset in which the assertion of the reset is timed by default.
Related violations: <none>

REQP-1839#19 Warning
RAMB36 async control check  
The RAMB36E1 core_inst/chunk_ch0_reg_1 has an input control pin core_inst/chunk_ch0_reg_1/ADDRARDADDR[9] (net: core_inst/hdc_core_inst_n_145) which is driven by a register (core_inst/hdc_core_inst/rom_addr_out_reg[4]_inv_rep__0_rep__16) that has an active asychronous set or reset. This may cause corruption of the memory contents and/or read values when the set/reset is asserted and is not analyzed by the default static timing analysis. It is suggested to eliminate the use of a set/reset to registers driving this RAMB pin or else use a synchronous reset in which the assertion of the reset is timed by default.
Related violations: <none>

REQP-1839#20 Warning
RAMB36 async control check  
The RAMB36E1 core_inst/chunk_ch0_reg_1 has an input control pin core_inst/chunk_ch0_reg_1/ADDRBWRADDR[9] (net: core_inst/hdc_core_inst_n_145) which is driven by a register (core_inst/hdc_core_inst/rom_addr_out_reg[4]_inv_rep__0_rep__16) that has an active asychronous set or reset. This may cause corruption of the memory contents and/or read values when the set/reset is asserted and is not analyzed by the default static timing analysis. It is suggested to eliminate the use of a set/reset to registers driving this RAMB pin or else use a synchronous reset in which the assertion of the reset is timed by default.
Related violations: <none>

ZPS7-1#1 Warning
PS7 block required  
The PS7 cell must be used in this Zynq design in order to enable correct default configuration.
Related violations: <none>


